160803 18:00:00 [Note] Plugin 'FEDERATED' is disabled.
160803 18:00:00 InnoDB: The InnoDB memory heap is disabled
160803 18:00:00 InnoDB: Mutexes and rw_locks use Windows interlocked functions
160803 18:00:00 InnoDB: Compressed tables use zlib 1.2.3
160803 18:00:00 InnoDB: Initializing buffer pool, size = 47.0M
160803 18:00:00 InnoDB: Completed initialization of buffer pool
InnoDB: The first specified data file .\ibdata1 did not exist:
InnoDB: a new database to be created!
160803 18:00:00  InnoDB: Setting file .\ibdata1 size to 10 MB
InnoDB: Database physically writes the file full: wait...
160803 18:00:00  InnoDB: Log file .\ib_logfile0 did not exist: new to be created
InnoDB: Setting log file .\ib_logfile0 size to 24 MB
InnoDB: Database physically writes the file full: wait...
160803 18:00:00  InnoDB: Log file .\ib_logfile1 did not exist: new to be created
InnoDB: Setting log file .\ib_logfile1 size to 24 MB
InnoDB: Database physically writes the file full: wait...
InnoDB: Doublewrite buffer not found: creating new
InnoDB: Doublewrite buffer created
InnoDB: 127 rollback segment(s) active.
InnoDB: Creating foreign key constraint system tables
InnoDB: Foreign key constraint system tables created
160803 18:00:00  InnoDB: Waiting for the background threads to start
160803 18:00:02 InnoDB: 5.5.40 started; log sequence number 0
160803 18:00:02 [Note] Server hostname (bind-address): '0.0.0.0'; port: 3306
160803 18:00:02 [Note]   - '0.0.0.0' resolves to '0.0.0.0';
160803 18:00:02 [Note] Server socket created on IP: '0.0.0.0'.
160803 18:00:02 [Note] Event Scheduler: Loaded 0 events
160803 18:00:02 [Note] MySQLa: ready for connections.
Version: '5.5.40'  socket: ''  port: 3306  MySQL Community Server (GPL)
160803 18:10:42 [Note] Plugin 'FEDERATED' is disabled.
160803 18:10:42 InnoDB: The InnoDB memory heap is disabled
160803 18:10:42 InnoDB: Mutexes and rw_locks use Windows interlocked functions
160803 18:10:42 InnoDB: Compressed tables use zlib 1.2.3
160803 18:10:42 InnoDB: Initializing buffer pool, size = 47.0M
160803 18:10:42 InnoDB: Completed initialization of buffer pool
160803 18:10:42 InnoDB: highest supported file format is Barracuda.
InnoDB: The log sequence number in ibdata files does not match
InnoDB: the log sequence number in the ib_logfiles!
160803 18:10:42  InnoDB: Database was not shut down normally!
InnoDB: Starting crash recovery.
InnoDB: Reading tablespace information from the .ibd files...
InnoDB: Restoring possible half-written data pages from the doublewrite
InnoDB: buffer...
160803 18:10:42  InnoDB: Waiting for the background threads to start
160803 18:10:43 InnoDB: 5.5.40 started; log sequence number 1595675
160803 18:10:43 [Note] Server hostname (bind-address): '0.0.0.0'; port: 9998
160803 18:10:43 [Note]   - '0.0.0.0' resolves to '0.0.0.0';
160803 18:10:43 [Note] Server socket created on IP: '0.0.0.0'.
160803 18:11:47 [Note] Plugin 'FEDERATED' is disabled.
160803 18:11:47 InnoDB: The InnoDB memory heap is disabled
160803 18:11:47 InnoDB: Mutexes and rw_locks use Windows interlocked functions
160803 18:11:47 InnoDB: Compressed tables use zlib 1.2.3
160803 18:11:47 InnoDB: Initializing buffer pool, size = 47.0M
160803 18:11:47 InnoDB: Completed initialization of buffer pool
160803 18:11:47  InnoDB: Operating system error number 32 in a file operation.
InnoDB: The error means that another program is using InnoDB's files.
InnoDB: This might be a backup or antivirus software or another instance
InnoDB: of MySQL. Please close it to get rid of this error.
160803 18:11:57  InnoDB: Operating system error number 32 in a file operation.
InnoDB: The error means that another program is using InnoDB's files.
InnoDB: This might be a backup or antivirus software or another instance
InnoDB: of MySQL. Please close it to get rid of this error.
160803 18:12:02 [Note] Plugin 'FEDERATED' is disabled.
160803 18:12:02 InnoDB: The InnoDB memory heap is disabled
160803 18:12:02 InnoDB: Mutexes and rw_locks use Windows interlocked functions
160803 18:12:02 InnoDB: Compressed tables use zlib 1.2.3
160803 18:12:02 InnoDB: Initializing buffer pool, size = 47.0M
160803 18:12:02 InnoDB: Completed initialization of buffer pool
160803 18:12:02 InnoDB: highest supported file format is Barracuda.
InnoDB: The log sequence number in ibdata files does not match
InnoDB: the log sequence number in the ib_logfiles!
160803 18:12:02  InnoDB: Database was not shut down normally!
InnoDB: Starting crash recovery.
InnoDB: Reading tablespace information from the .ibd files...
InnoDB: Restoring possible half-written data pages from the doublewrite
InnoDB: buffer...
160803 18:12:02  InnoDB: Waiting for the background threads to start
160803 18:12:03 InnoDB: 5.5.40 started; log sequence number 1595675
160803 18:12:03 [Note] Server hostname (bind-address): '0.0.0.0'; port: 9998
160803 18:12:03 [Note]   - '0.0.0.0' resolves to '0.0.0.0';
160803 18:12:03 [Note] Server socket created on IP: '0.0.0.0'.
160803 18:15:51 [Note] Plugin 'FEDERATED' is disabled.
160803 18:15:51 InnoDB: The InnoDB memory heap is disabled
160803 18:15:51 InnoDB: Mutexes and rw_locks use Windows interlocked functions
160803 18:15:51 InnoDB: Compressed tables use zlib 1.2.3
160803 18:15:51 InnoDB: Initializing buffer pool, size = 47.0M
160803 18:15:51 InnoDB: Completed initialization of buffer pool
160803 18:15:51 InnoDB: highest supported file format is Barracuda.
InnoDB: The log sequence number in ibdata files does not match
InnoDB: the log sequence number in the ib_logfiles!
160803 18:15:51  InnoDB: Database was not shut down normally!
InnoDB: Starting crash recovery.
InnoDB: Reading tablespace information from the .ibd files...
InnoDB: Restoring possible half-written data pages from the doublewrite
InnoDB: buffer...
160803 18:15:51  InnoDB: Waiting for the background threads to start
160803 18:15:52 InnoDB: 5.5.40 started; log sequence number 1595675
160803 18:15:52 [Note] Server hostname (bind-address): '0.0.0.0'; port: 9998
160803 18:15:52 [Note]   - '0.0.0.0' resolves to '0.0.0.0';
160803 18:15:52 [Note] Server socket created on IP: '0.0.0.0'.
160803 18:21:03 [Note] Plugin 'FEDERATED' is disabled.
160803 18:21:03 InnoDB: The InnoDB memory heap is disabled
160803 18:21:03 InnoDB: Mutexes and rw_locks use Windows interlocked functions
160803 18:21:03 InnoDB: Compressed tables use zlib 1.2.3
160803 18:21:03 InnoDB: Initializing buffer pool, size = 47.0M
160803 18:21:03 InnoDB: Completed initialization of buffer pool
160803 18:21:03 InnoDB: highest supported file format is Barracuda.
InnoDB: The log sequence number in ibdata files does not match
InnoDB: the log sequence number in the ib_logfiles!
160803 18:21:03  InnoDB: Database was not shut down normally!
InnoDB: Starting crash recovery.
InnoDB: Reading tablespace information from the .ibd files...
InnoDB: Restoring possible half-written data pages from the doublewrite
InnoDB: buffer...
160803 18:21:03  InnoDB: Waiting for the background threads to start
160803 18:21:04 InnoDB: 5.5.40 started; log sequence number 1595675
160803 18:21:04 [Note] Server hostname (bind-address): '0.0.0.0'; port: 9998
160803 18:21:04 [Note]   - '0.0.0.0' resolves to '0.0.0.0';
160803 18:21:04 [Note] Server socket created on IP: '0.0.0.0'.
